2021-05-31T03:30:42.793Z - normal: Load ~/.CocosCreator/settings.json
2021-05-31T03:30:42.823Z - normal: Initializing Asset Database
2021-05-31T03:30:42.824Z - normal: checking language setting...
2021-05-31T03:30:42.825Z - normal: Language: zh
2021-05-31T03:30:43.293Z - success: protocol editor-framework registered
2021-05-31T03:30:43.293Z - success: protocol app registered
2021-05-31T03:30:43.293Z - success: protocol theme registered
2021-05-31T03:30:43.293Z - success: protocol packages registered
2021-05-31T03:30:43.293Z - success: protocol uuid registerred
2021-05-31T03:30:43.293Z - success: protocol db registerred
2021-05-31T03:30:43.293Z - success: protocol thumbnail registerred
2021-05-31T03:30:43.293Z - success: protocol unpack registerred
2021-05-31T03:30:43.293Z - success: protocol disable-commonjs registerred
2021-05-31T03:30:43.614Z - normal: connected!
2021-05-31T03:30:43.615Z - normal: Check project E:\git\fairy-cocos-courseware
2021-05-31T03:30:43.616Z - normal: Initializing project E:\git\fairy-cocos-courseware
2021-05-31T03:30:43.708Z - success: adapters loaded
2021-05-31T03:30:43.709Z - success: asset-db-debugger loaded
2021-05-31T03:30:43.743Z - success: fb-audience-network loaded
2021-05-31T03:30:43.759Z - success: fb-live-stream loaded
2021-05-31T03:30:43.761Z - success: google-play-instant loaded
2021-05-31T03:30:43.761Z - success: jsb-adapter loaded
2021-05-31T03:30:43.762Z - success: package-manager loaded
2021-05-31T03:30:43.762Z - success: runtime-adapters loaded
2021-05-31T03:30:43.763Z - success: runtime-dev-tools loaded
2021-05-31T03:30:43.764Z - success: ui-kit-preview-extra loaded
2021-05-31T03:30:43.765Z - success: ui-kit-preview loaded
2021-05-31T03:30:43.794Z - success: alipay-minigame loaded
2021-05-31T03:30:43.827Z - success: assets loaded
2021-05-31T03:30:43.828Z - success: baidugame-opendata loaded
2021-05-31T03:30:43.829Z - success: baidugame loaded
2021-05-31T03:30:43.830Z - success: builder loaded
2021-05-31T03:30:43.831Z - success: bytedance-opendata loaded
2021-05-31T03:30:43.832Z - success: bytedance loaded
2021-05-31T03:30:43.834Z - success: channel-upload-tools loaded
2021-05-31T03:30:43.836Z - success: cloud-function loaded
2021-05-31T03:30:43.924Z - success: cocos-services loaded
2021-05-31T03:30:43.925Z - success: console loaded
2021-05-31T03:30:43.926Z - success: curve-editor loaded
2021-05-31T03:30:43.933Z - success: fb-instant-games loaded
2021-05-31T03:30:43.934Z - success: game-window loaded
2021-05-31T03:30:43.934Z - success: google-instant-games loaded
2021-05-31T03:30:43.936Z - success: hierarchy loaded
2021-05-31T03:30:43.937Z - success: huawei-agc loaded
2021-05-31T03:30:43.938Z - success: huawei-runtime loaded
2021-05-31T03:30:43.939Z - success: inspector loaded
2021-05-31T03:30:43.948Z - success: cpk-publish loaded
2021-05-31T03:30:43.948Z - success: keystore loaded
2021-05-31T03:30:43.957Z - success: link-sure-runtime loaded
2021-05-31T03:30:43.961Z - success: node-library loaded
2021-05-31T03:30:43.962Z - success: open-recent-items loaded
2021-05-31T03:30:43.963Z - success: oppo-runtime loaded
2021-05-31T03:30:43.964Z - success: package-asset loaded
2021-05-31T03:30:43.964Z - success: preferences loaded
2021-05-31T03:30:43.965Z - success: project-importer loaded
2021-05-31T03:30:43.965Z - success: project-settings loaded
2021-05-31T03:30:43.974Z - success: qtt-runtime loaded
2021-05-31T03:30:43.975Z - success: scene loaded
2021-05-31T03:30:43.975Z - success: simulator-debugger loaded
2021-05-31T03:30:43.975Z - success: sprite-editor loaded
2021-05-31T03:30:43.996Z - success: store loaded
2021-05-31T03:30:43.997Z - success: timeline loaded
2021-05-31T03:30:43.999Z - success: vivo-runtime loaded
2021-05-31T03:30:44.000Z - success: wechatgame-opendata loaded
2021-05-31T03:30:44.001Z - success: wechatgame loaded
2021-05-31T03:30:44.003Z - success: xiaomi-runtime loaded
2021-05-31T03:30:44.034Z - success: im-plugin loaded
2021-05-31T03:30:44.036Z - success: preview server running at http://localhost:7456
2021-05-31T03:30:44.827Z - normal: Initializing Cocos2d
2021-05-31T03:30:45.029Z - normal: Initializing engine extends
2021-05-31T03:30:45.437Z - failed: [db-task][init] Failed to load meta E:\git\fairy-cocos-courseware\assets\fairyUis\t2\t2-trialClass-01\icon_ani.atlas.meta, message: Unexpected token < in JSON at position 22
2021-05-31T03:30:45.807Z - info: Cocos Service load base data!
